WARNING: The directory '/Users/thi/Library/Caches/pip' or its parent directory is not owned or is not writable by the current user. The cache has been disabled. Check the permissions and owner of that directory. If executing pip with sudo, you should use sudo's -H flag.
Collecting beautifulsoup4 (from -r requirements.txt (line 4))
  Downloading beautifulsoup4-4.14.3-py3-none-any.whl.metadata (3.8 kB)
Collecting google-generativeai (from -r requirements.txt (line 5))
  Downloading google_generativeai-0.8.6-py3-none-any.whl.metadata (3.9 kB)
Collecting weasyprint (from -r requirements.txt (line 7))
  Downloading weasyprint-68.0-py3-none-any.whl.metadata (3.7 kB)
Collecting requests>=2.28.0 (from -r requirements.txt (line 8))
  Downloading requests-2.32.5-py3-none-any.whl.metadata (4.9 kB)
Collecting flask>=3.0.0 (from -r requirements.txt (line 9))
  Downloading flask-3.1.2-py3-none-any.whl.metadata (3.2 kB)
Collecting flask-cors (from -r requirements.txt (line 10))
  Downloading flask_cors-6.0.2-py3-none-any.whl.metadata (5.3 kB)
Collecting python-dotenv (from -r requirements.txt (line 11))
  Downloading python_dotenv-1.2.1-py3-none-any.whl.metadata (25 kB)
Collecting jinja2 (from -r requirements.txt (line 12))
  Downloading jinja2-3.1.6-py3-none-any.whl.metadata (2.9 kB)
Collecting soupsieve>=1.6.1 (from beautifulsoup4->-r requirements.txt (line 4))
  Downloading soupsieve-2.8.3-py3-none-any.whl.metadata (4.6 kB)
Collecting typing-extensions>=4.0.0 (from beautifulsoup4->-r requirements.txt (line 4))
  Downloading typing_extensions-4.15.0-py3-none-any.whl.metadata (3.3 kB)
Collecting google-ai-generativelanguage==0.6.15 (from google-generativeai->-r requirements.txt (line 5))
  Downloading google_ai_generativelanguage-0.6.15-py3-none-any.whl.metadata (5.7 kB)
Collecting google-api-core (from google-generativeai->-r requirements.txt (line 5))
  Downloading google_api_core-2.29.0-py3-none-any.whl.metadata (3.3 kB)
Collecting google-api-python-client (from google-generativeai->-r requirements.txt (line 5))
  Downloading google_api_python_client-2.188.0-py3-none-any.whl.metadata (7.0 kB)
Collecting google-auth>=2.15.0 (from google-generativeai->-r requirements.txt (line 5))
  Downloading google_auth-2.48.0-py3-none-any.whl.metadata (6.2 kB)
Collecting protobuf (from google-generativeai->-r requirements.txt (line 5))
  Downloading protobuf-6.33.5-cp39-abi3-macosx_10_9_universal2.whl.metadata (593 bytes)
Collecting pydantic (from google-generativeai->-r requirements.txt (line 5))
  Downloading pydantic-2.12.5-py3-none-any.whl.metadata (90 kB)
Collecting tqdm (from google-generativeai->-r requirements.txt (line 5))
  Downloading tqdm-4.67.2-py3-none-any.whl.metadata (57 kB)
Collecting google-auth>=2.15.0 (from google-generativeai->-r requirements.txt (line 5))
  Downloading google_auth-2.49.0.dev0-py3-none-any.whl.metadata (6.0 kB)
Collecting proto-plus<2.0.0dev,>=1.22.3 (from google-ai-generativelanguage==0.6.15->google-generativeai->-r requirements.txt (line 5))
  Downloading proto_plus-1.27.0-py3-none-any.whl.metadata (2.2 kB)
Collecting protobuf (from google-generativeai->-r requirements.txt (line 5))
  Downloading protobuf-5.29.5-cp38-abi3-macosx_10_9_universal2.whl.metadata (592 bytes)
Collecting googleapis-common-protos<2.0.0,>=1.56.2 (from google-api-core->google-generativeai->-r requirements.txt (line 5))
  Downloading googleapis_common_protos-1.72.0-py3-none-any.whl.metadata (9.4 kB)
Collecting charset_normalizer<4,>=2 (from requests>=2.28.0->-r requirements.txt (line 8))
  Downloading charset_normalizer-3.4.4-cp314-cp314-macosx_10_13_universal2.whl.metadata (37 kB)
Collecting idna<4,>=2.5 (from requests>=2.28.0->-r requirements.txt (line 8))
  Downloading idna-3.11-py3-none-any.whl.metadata (8.4 kB)
Collecting urllib3<3,>=1.21.1 (from requests>=2.28.0->-r requirements.txt (line 8))
  Downloading urllib3-2.6.3-py3-none-any.whl.metadata (6.9 kB)
Collecting certifi>=2017.4.17 (from requests>=2.28.0->-r requirements.txt (line 8))
  Downloading certifi-2026.1.4-py3-none-any.whl.metadata (2.5 kB)
Collecting grpcio<2.0.0,>=1.33.2 (from google-api-core[grpc]!=2.0.*,!=2.1.*,!=2.10.*,!=2.2.*,!=2.3.*,!=2.4.*,!=2.5.*,!=2.6.*,!=2.7.*,!=2.8.*,!=2.9.*,<3.0.0dev,>=1.34.1->google-ai-generativelanguage==0.6.15->google-generativeai->-r requirements.txt (line 5))
  Downloading grpcio-1.76.0-cp314-cp314-macosx_11_0_universal2.whl.metadata (3.7 kB)
Collecting grpcio-status<2.0.0,>=1.33.2 (from google-api-core[grpc]!=2.0.*,!=2.1.*,!=2.10.*,!=2.2.*,!=2.3.*,!=2.4.*,!=2.5.*,!=2.6.*,!=2.7.*,!=2.8.*,!=2.9.*,<3.0.0dev,>=1.34.1->google-ai-generativelanguage==0.6.15->google-generativeai->-r requirements.txt (line 5))
  Downloading grpcio_status-1.76.0-py3-none-any.whl.metadata (1.1 kB)
Collecting pyasn1-modules>=0.2.1 (from google-auth>=2.15.0->google-generativeai->-r requirements.txt (line 5))
  Downloading pyasn1_modules-0.4.2-py3-none-any.whl.metadata (3.5 kB)
Collecting cryptography>=38.0.3 (from google-auth>=2.15.0->google-generativeai->-r requirements.txt (line 5))
  Downloading cryptography-46.0.4-cp311-abi3-macosx_10_9_universal2.whl.metadata (5.7 kB)
INFO: pip is looking at multiple versions of grpcio-status to determine which version is compatible with other requirements. This could take a while.
Collecting grpcio-status<2.0.0,>=1.33.2 (from google-api-core[grpc]!=2.0.*,!=2.1.*,!=2.10.*,!=2.2.*,!=2.3.*,!=2.4.*,!=2.5.*,!=2.6.*,!=2.7.*,!=2.8.*,!=2.9.*,<3.0.0dev,>=1.34.1->google-ai-generativelanguage==0.6.15->google-generativeai->-r requirements.txt (line 5))
  Downloading grpcio_status-1.75.1-py3-none-any.whl.metadata (1.1 kB)
Collecting googleapis-common-protos<2.0.0,>=1.56.2 (from google-api-core->google-generativeai->-r requirements.txt (line 5))
  Downloading googleapis_common_protos-1.71.0-py3-none-any.whl.metadata (9.4 kB)
  Downloading googleapis_common_protos-1.70.0-py3-none-any.whl.metadata (9.3 kB)
  Downloading googleapis_common_protos-1.69.2-py3-none-any.whl.metadata (9.3 kB)
INFO: pip is still looking at multiple versions of grpcio-status to determine which version is compatible with other requirements. This could take a while.
  Downloading googleapis_common_protos-1.69.1-py2.py3-none-any.whl.metadata (9.3 kB)
  Downloading googleapis_common_protos-1.69.0-py2.py3-none-any.whl.metadata (5.1 kB)
  Downloading googleapis_common_protos-1.68.0-py2.py3-none-any.whl.metadata (5.1 kB)
INFO: This is taking longer than usual. You might need to provide the dependency resolver with stricter constraints to reduce runtime. See https://pip.pypa.io/warnings/backtracking for guidance. If you want to abort this run, press Ctrl + C.
  Downloading googleapis_common_protos-1.67.0-py2.py3-none-any.whl.metadata (5.1 kB)
  Downloading googleapis_common_protos-1.66.0-py2.py3-none-any.whl.metadata (1.5 kB)
  Downloading googleapis_common_protos-1.65.0-py2.py3-none-any.whl.metadata (1.5 kB)
  Downloading googleapis_common_protos-1.64.0-py2.py3-none-any.whl.metadata (1.5 kB)
  Downloading googleapis_common_protos-1.63.2-py2.py3-none-any.whl.metadata (1.5 kB)
  Downloading googleapis_common_protos-1.63.1-py2.py3-none-any.whl.metadata (1.5 kB)
  Downloading googleapis_common_protos-1.63.0-py2.py3-none-any.whl.metadata (1.5 kB)
Collecting protobuf (from google-generativeai->-r requirements.txt (line 5))
  Downloading protobuf-4.25.8-cp37-abi3-macosx_10_9_universal2.whl.metadata (541 bytes)
Collecting googleapis-common-protos<2.0.0,>=1.56.2 (from google-api-core->google-generativeai->-r requirements.txt (line 5))
  Downloading googleapis_common_protos-1.62.0-py2.py3-none-any.whl.metadata (1.5 kB)
  Downloading googleapis_common_protos-1.61.0-py2.py3-none-any.whl.metadata (1.5 kB)
  Downloading googleapis_common_protos-1.60.0-py2.py3-none-any.whl.metadata (1.5 kB)
  Downloading googleapis_common_protos-1.59.1-py2.py3-none-any.whl.metadata (1.5 kB)
  Downloading googleapis_common_protos-1.59.0-py2.py3-none-any.whl.metadata (1.5 kB)
  Downloading googleapis_common_protos-1.58.0-py2.py3-none-any.whl.metadata (1.5 kB)
  Downloading googleapis_common_protos-1.57.1-py2.py3-none-any.whl.metadata (1.5 kB)
  Downloading googleapis_common_protos-1.57.0-py2.py3-none-any.whl.metadata (1.5 kB)
  Downloading googleapis_common_protos-1.56.4-py2.py3-none-any.whl.metadata (1.3 kB)
  Downloading googleapis_common_protos-1.56.3-py2.py3-none-any.whl.metadata (1.3 kB)
  Downloading googleapis_common_protos-1.56.2-py2.py3-none-any.whl.metadata (1.3 kB)
Collecting protobuf (from google-generativeai->-r requirements.txt (line 5))
  Downloading protobuf-3.20.3-py2.py3-none-any.whl.metadata (720 bytes)
Collecting google-api-core[grpc]!=2.0.*,!=2.1.*,!=2.10.*,!=2.2.*,!=2.3.*,!=2.4.*,!=2.5.*,!=2.6.*,!=2.7.*,!=2.8.*,!=2.9.*,<3.0.0dev,>=1.34.1 (from google-ai-generativelanguage==0.6.15->google-generativeai->-r requirements.txt (line 5))
  Downloading google_api_core-2.28.1-py3-none-any.whl.metadata (3.3 kB)
  Downloading google_api_core-2.28.0-py3-none-any.whl.metadata (3.2 kB)
  Downloading google_api_core-2.27.0-py3-none-any.whl.metadata (3.2 kB)
  Downloading google_api_core-2.26.0-py3-none-any.whl.metadata (3.2 kB)
  Downloading google_api_core-2.25.2-py3-none-any.whl.metadata (3.0 kB)
Collecting grpcio-status<2.0.0,>=1.33.2 (from google-api-core[grpc]!=2.0.*,!=2.1.*,!=2.10.*,!=2.2.*,!=2.3.*,!=2.4.*,!=2.5.*,!=2.6.*,!=2.7.*,!=2.8.*,!=2.9.*,<3.0.0dev,>=1.34.1->google-ai-generativelanguage==0.6.15->google-generativeai->-r requirements.txt (line 5))
  Downloading grpcio_status-1.75.0-py3-none-any.whl.metadata (1.1 kB)
  Downloading grpcio_status-1.74.0-py3-none-any.whl.metadata (1.1 kB)
  Downloading grpcio_status-1.73.1-py3-none-any.whl.metadata (1.1 kB)
  Downloading grpcio_status-1.73.0-py3-none-any.whl.metadata (1.1 kB)
  Downloading grpcio_status-1.72.2-py3-none-any.whl.metadata (1.1 kB)
  Downloading grpcio_status-1.72.1-py3-none-any.whl.metadata (1.1 kB)
  Downloading grpcio_status-1.71.2-py3-none-any.whl.metadata (1.1 kB)
Collecting pydyf>=0.11.0 (from weasyprint->-r requirements.txt (line 7))
  Downloading pydyf-0.12.1-py3-none-any.whl.metadata (2.5 kB)
Collecting cffi>=0.6 (from weasyprint->-r requirements.txt (line 7))
  Downloading cffi-2.0.0-cp314-cp314-macosx_11_0_arm64.whl.metadata (2.6 kB)
Collecting tinyhtml5>=2.0.0b1 (from weasyprint->-r requirements.txt (line 7))
  Downloading tinyhtml5-2.0.0-py3-none-any.whl.metadata (2.9 kB)
Collecting tinycss2>=1.5.0 (from weasyprint->-r requirements.txt (line 7))
  Downloading tinycss2-1.5.1-py3-none-any.whl.metadata (3.0 kB)
Collecting cssselect2>=0.8.0 (from weasyprint->-r requirements.txt (line 7))
  Downloading cssselect2-0.8.0-py3-none-any.whl.metadata (2.9 kB)
Collecting Pyphen>=0.9.1 (from weasyprint->-r requirements.txt (line 7))
  Downloading pyphen-0.17.2-py3-none-any.whl.metadata (3.2 kB)
Collecting Pillow>=9.1.0 (from weasyprint->-r requirements.txt (line 7))
  Downloading pillow-12.1.0-cp314-cp314-macosx_11_0_arm64.whl.metadata (8.8 kB)
Collecting fonttools>=4.59.2 (from fonttools[woff]>=4.59.2->weasyprint->-r requirements.txt (line 7))
  Downloading fonttools-4.61.1-cp314-cp314-macosx_10_15_universal2.whl.metadata (114 kB)
Collecting blinker>=1.9.0 (from flask>=3.0.0->-r requirements.txt (line 9))
  Downloading blinker-1.9.0-py3-none-any.whl.metadata (1.6 kB)
Collecting click>=8.1.3 (from flask>=3.0.0->-r requirements.txt (line 9))
  Downloading click-8.3.1-py3-none-any.whl.metadata (2.6 kB)
Collecting itsdangerous>=2.2.0 (from flask>=3.0.0->-r requirements.txt (line 9))
  Downloading itsdangerous-2.2.0-py3-none-any.whl.metadata (1.9 kB)
Collecting markupsafe>=2.1.1 (from flask>=3.0.0->-r requirements.txt (line 9))
  Downloading markupsafe-3.0.3-cp314-cp314-macosx_11_0_arm64.whl.metadata (2.7 kB)
Collecting werkzeug>=3.1.0 (from flask>=3.0.0->-r requirements.txt (line 9))
  Downloading werkzeug-3.1.5-py3-none-any.whl.metadata (4.0 kB)
Collecting pycparser (from cffi>=0.6->weasyprint->-r requirements.txt (line 7))
  Downloading pycparser-3.0-py3-none-any.whl.metadata (8.2 kB)
Collecting webencodings (from cssselect2>=0.8.0->weasyprint->-r requirements.txt (line 7))
  Downloading webencodings-0.5.1-py2.py3-none-any.whl.metadata (2.1 kB)
Collecting brotli>=1.0.1 (from fonttools[woff]>=4.59.2->weasyprint->-r requirements.txt (line 7))
  Downloading brotli-1.2.0-cp314-cp314-macosx_10_15_universal2.whl.metadata (6.1 kB)
Collecting zopfli>=0.1.4 (from fonttools[woff]>=4.59.2->weasyprint->-r requirements.txt (line 7))
  Downloading zopfli-0.4.0-cp310-abi3-macosx_10_9_universal2.whl.metadata (3.5 kB)
Collecting pyasn1<0.7.0,>=0.6.1 (from pyasn1-modules>=0.2.1->google-auth>=2.15.0->google-generativeai->-r requirements.txt (line 5))
  Downloading pyasn1-0.6.2-py3-none-any.whl.metadata (8.4 kB)
Collecting httplib2<1.0.0,>=0.19.0 (from google-api-python-client->google-generativeai->-r requirements.txt (line 5))
  Downloading httplib2-0.31.2-py3-none-any.whl.metadata (2.2 kB)
Collecting google-auth-httplib2<1.0.0,>=0.2.0 (from google-api-python-client->google-generativeai->-r requirements.txt (line 5))
  Downloading google_auth_httplib2-0.3.0-py3-none-any.whl.metadata (3.1 kB)
Collecting uritemplate<5,>=3.0.1 (from google-api-python-client->google-generativeai->-r requirements.txt (line 5))
  Downloading uritemplate-4.2.0-py3-none-any.whl.metadata (2.6 kB)
Collecting pyparsing<4,>=3.1 (from httplib2<1.0.0,>=0.19.0->google-api-python-client->google-generativeai->-r requirements.txt (line 5))
  Downloading pyparsing-3.3.2-py3-none-any.whl.metadata (5.8 kB)
Collecting annotated-types>=0.6.0 (from pydantic->google-generativeai->-r requirements.txt (line 5))
  Downloading annotated_types-0.7.0-py3-none-any.whl.metadata (15 kB)
Collecting pydantic-core==2.41.5 (from pydantic->google-generativeai->-r requirements.txt (line 5))
  Downloading pydantic_core-2.41.5-cp314-cp314-macosx_11_0_arm64.whl.metadata (7.3 kB)
Collecting typing-inspection>=0.4.2 (from pydantic->google-generativeai->-r requirements.txt (line 5))
  Downloading typing_inspection-0.4.2-py3-none-any.whl.metadata (2.6 kB)
Downloading beautifulsoup4-4.14.3-py3-none-any.whl (107 kB)
Downloading google_generativeai-0.8.6-py3-none-any.whl (155 kB)
Downloading google_ai_generativelanguage-0.6.15-py3-none-any.whl (1.3 MB)
   ━━━━━━━━━━━━━━━━━━━━━━━━━━━━━━━━━━━━━━━━ 1.3/1.3 MB 61.8 MB/s  0:00:00
Downloading requests-2.32.5-py3-none-any.whl (64 kB)
Downloading charset_normalizer-3.4.4-cp314-cp314-macosx_10_13_universal2.whl (207 kB)
Downloading google_api_core-2.25.2-py3-none-any.whl (162 kB)
Downloading googleapis_common_protos-1.72.0-py3-none-any.whl (297 kB)
Downloading grpcio_status-1.71.2-py3-none-any.whl (14 kB)
Downloading protobuf-5.29.5-cp38-abi3-macosx_10_9_universal2.whl (418 kB)
Downloading google_auth-2.49.0.dev0-py3-none-any.whl (236 kB)
Downloading grpcio-1.76.0-cp314-cp314-macosx_11_0_universal2.whl (11.8 MB)
   ━━━━━━━━━━━━━━━━━━━━━━━━━━━━━━━━━━━━━━━━ 11.8/11.8 MB 80.8 MB/s  0:00:00
Downloading idna-3.11-py3-none-any.whl (71 kB)
Downloading proto_plus-1.27.0-py3-none-any.whl (50 kB)
Downloading typing_extensions-4.15.0-py3-none-any.whl (44 kB)
Downloading urllib3-2.6.3-py3-none-any.whl (131 kB)
Downloading weasyprint-68.0-py3-none-any.whl (319 kB)
Downloading flask-3.1.2-py3-none-any.whl (103 kB)
Downloading flask_cors-6.0.2-py3-none-any.whl (13 kB)
Downloading python_dotenv-1.2.1-py3-none-any.whl (21 kB)
Downloading jinja2-3.1.6-py3-none-any.whl (134 kB)
Downloading blinker-1.9.0-py3-none-any.whl (8.5 kB)
Downloading certifi-2026.1.4-py3-none-any.whl (152 kB)
Downloading cffi-2.0.0-cp314-cp314-macosx_11_0_arm64.whl (181 kB)
Downloading click-8.3.1-py3-none-any.whl (108 kB)
Downloading cryptography-46.0.4-cp311-abi3-macosx_10_9_universal2.whl (7.2 MB)
   ━━━━━━━━━━━━━━━━━━━━━━━━━━━━━━━━━━━━━━━━ 7.2/7.2 MB 75.3 MB/s  0:00:00
Downloading cssselect2-0.8.0-py3-none-any.whl (15 kB)
Downloading fonttools-4.61.1-cp314-cp314-macosx_10_15_universal2.whl (2.8 MB)
   ━━━━━━━━━━━━━━━━━━━━━━━━━━━━━━━━━━━━━━━━ 2.8/2.8 MB 92.7 MB/s  0:00:00
Downloading brotli-1.2.0-cp314-cp314-macosx_10_15_universal2.whl (863 kB)
   ━━━━━━━━━━━━━━━━━━━━━━━━━━━━━━━━━━━━━━━━ 863.1/863.1 kB 74.1 MB/s  0:00:00
Downloading itsdangerous-2.2.0-py3-none-any.whl (16 kB)
Downloading markupsafe-3.0.3-cp314-cp314-macosx_11_0_arm64.whl (12 kB)
Downloading pillow-12.1.0-cp314-cp314-macosx_11_0_arm64.whl (4.7 MB)
   ━━━━━━━━━━━━━━━━━━━━━━━━━━━━━━━━━━━━━━━━ 4.7/4.7 MB 77.9 MB/s  0:00:00
Downloading pyasn1_modules-0.4.2-py3-none-any.whl (181 kB)
Downloading pyasn1-0.6.2-py3-none-any.whl (83 kB)
Downloading pydyf-0.12.1-py3-none-any.whl (8.0 kB)
Downloading pyphen-0.17.2-py3-none-any.whl (2.1 MB)
   ━━━━━━━━━━━━━━━━━━━━━━━━━━━━━━━━━━━━━━━━ 2.1/2.1 MB 78.6 MB/s  0:00:00
Downloading soupsieve-2.8.3-py3-none-any.whl (37 kB)
Downloading tinycss2-1.5.1-py3-none-any.whl (28 kB)
Downloading tinyhtml5-2.0.0-py3-none-any.whl (39 kB)
Downloading webencodings-0.5.1-py2.py3-none-any.whl (11 kB)
Downloading werkzeug-3.1.5-py3-none-any.whl (225 kB)
Downloading zopfli-0.4.0-cp310-abi3-macosx_10_9_universal2.whl (287 kB)
Downloading google_api_python_client-2.188.0-py3-none-any.whl (14.9 MB)
   ━━━━━━━━━━━━━━━━━━━━━━━━━━━━━━━━━━━━━━━━ 14.9/14.9 MB 79.1 MB/s  0:00:00
Downloading google_auth_httplib2-0.3.0-py3-none-any.whl (9.5 kB)
Downloading httplib2-0.31.2-py3-none-any.whl (91 kB)
Downloading pyparsing-3.3.2-py3-none-any.whl (122 kB)
Downloading uritemplate-4.2.0-py3-none-any.whl (11 kB)
Downloading pycparser-3.0-py3-none-any.whl (48 kB)
Downloading pydantic-2.12.5-py3-none-any.whl (463 kB)
Downloading pydantic_core-2.41.5-cp314-cp314-macosx_11_0_arm64.whl (1.9 MB)
   ━━━━━━━━━━━━━━━━━━━━━━━━━━━━━━━━━━━━━━━━ 1.9/1.9 MB 80.7 MB/s  0:00:00
Downloading annotated_types-0.7.0-py3-none-any.whl (13 kB)
Downloading typing_inspection-0.4.2-py3-none-any.whl (14 kB)
Downloading tqdm-4.67.2-py3-none-any.whl (78 kB)
Installing collected packages: webencodings, brotli, zopfli, urllib3, uritemplate, typing-extensions, tqdm, tinyhtml5, tinycss2, soupsieve, python-dotenv, Pyphen, pyparsing, pydyf, pycparser, pyasn1, protobuf, Pillow, markupsafe, itsdangerous, idna, fonttools, click, charset_normalizer, certifi, blinker, annotated-types, werkzeug, typing-inspection, requests, pydantic-core, pyasn1-modules, proto-plus, jinja2, httplib2, grpcio, googleapis-common-protos, cssselect2, cffi, beautifulsoup4, weasyprint, pydantic, grpcio-status, flask, cryptography, google-auth, flask-cors, google-auth-httplib2, google-api-core, google-api-python-client, google-ai-generativelanguage, google-generativeai

Successfully installed Pillow-12.1.0 Pyphen-0.17.2 annotated-types-0.7.0 beautifulsoup4-4.14.3 blinker-1.9.0 brotli-1.2.0 certifi-2026.1.4 cffi-2.0.0 charset_normalizer-3.4.4 click-8.3.1 cryptography-46.0.4 cssselect2-0.8.0 flask-3.1.2 flask-cors-6.0.2 fonttools-4.61.1 google-ai-generativelanguage-0.6.15 google-api-core-2.25.2 google-api-python-client-2.188.0 google-auth-2.49.0.dev0 google-auth-httplib2-0.3.0 google-generativeai-0.8.6 googleapis-common-protos-1.72.0 grpcio-1.76.0 grpcio-status-1.71.2 httplib2-0.31.2 idna-3.11 itsdangerous-2.2.0 jinja2-3.1.6 markupsafe-3.0.3 proto-plus-1.27.0 protobuf-5.29.5 pyasn1-0.6.2 pyasn1-modules-0.4.2 pycparser-3.0 pydantic-2.12.5 pydantic-core-2.41.5 pydyf-0.12.1 pyparsing-3.3.2 python-dotenv-1.2.1 requests-2.32.5 soupsieve-2.8.3 tinycss2-1.5.1 tinyhtml5-2.0.0 tqdm-4.67.2 typing-extensions-4.15.0 typing-inspection-0.4.2 uritemplate-4.2.0 urllib3-2.6.3 weasyprint-68.0 webencodings-0.5.1 werkzeug-3.1.5 zopfli-0.4.0

[notice] A new release of pip is available: 25.3 -> 26.0
[notice] To update, run: pip install --upgrade pip
